c:\users\yasmeen.abdrabou.guc\desktop\guc\winter 2016\dmet502w15\labs\09\openglmeshloader\debug\gltexture.obj
c:\users\yasmeen.abdrabou.guc\desktop\guc\winter 2016\dmet502w15\labs\09\openglmeshloader\debug\model_3ds.obj
c:\users\yasmeen.abdrabou.guc\desktop\guc\winter 2016\dmet502w15\labs\09\openglmeshloader\debug\openglmeshloader.obj
c:\users\yasmeen.abdrabou.guc\desktop\guc\winter 2016\dmet502w15\labs\09\openglmeshloader\debug\vc100.pdb
c:\users\yasmeen.abdrabou.guc\desktop\guc\winter 2016\dmet502w15\labs\09\openglmeshloader\debug\openglmeshloader.exe
c:\users\yasmeen.abdrabou.guc\desktop\guc\winter 2016\dmet502w15\labs\09\openglmeshloader\debug\openglmeshloader.exe.intermediate.manifest
c:\users\yasmeen.abdrabou.guc\desktop\guc\winter 2016\dmet502w15\labs\09\openglmeshloader\debug\openglmeshloader.pdb
e:\baby ninja\debug\vc141.pdb
e:\baby ninja\debug\vc141.idb
e:\baby ninja\debug\gltexture.obj
e:\baby ninja\debug\model_3ds.obj
e:\baby ninja\debug\openglmeshloader.obj
e:\baby ninja\debug\openglmeshloader.exe
e:\baby ninja\debug\openglmeshloader.pdb
e:\baby ninja\debug\lnk{bbb512e3-e479-4c90-ae6e-7f16e134cc91}.tmp
e:\baby ninja\debug\cl.command.1.tlog
e:\baby ninja\debug\cl.read.1.tlog
e:\baby ninja\debug\cl.write.1.tlog
e:\baby ninja\debug\link.command.1.tlog
e:\baby ninja\debug\link.read.1.tlog
e:\baby ninja\debug\link.write.1.tlog
e:\baby ninja\debug\mt.command.1.tlog
e:\baby ninja\debug\mt.read.1.tlog
e:\baby ninja\debug\mt.write.1.tlog
e:\baby ninja\debug\openglmeshloader.write.1.tlog
e:\baby ninja\debug\openglmeshloader.exe.intermediate.manifest
e:\baby ninja\debug\vc100.idb
e:\baby ninja\debug\vc100.pdb
e:\baby ninja\debug\openglmeshloader.tlog\cl.command.1.tlog
e:\baby ninja\debug\openglmeshloader.tlog\cl.read.1.tlog
e:\baby ninja\debug\openglmeshloader.tlog\cl.write.1.tlog
e:\baby ninja\debug\openglmeshloader.tlog\link.command.1.tlog
e:\baby ninja\debug\openglmeshloader.tlog\link.delete.1.tlog
e:\baby ninja\debug\openglmeshloader.tlog\link.read.1.tlog
e:\baby ninja\debug\openglmeshloader.tlog\link.write.1.tlog
