  GLTexture.cpp
GLTexture.cpp(61): warning C4996: '_strlwr': This function or variable may be unsafe. Consider using _strlwr_s instead. To disable deprecation, use _CRT_SECURE_NO_WARNINGS. See online help for details.
  C:\Program Files (x86)\Windows Kits\10\Include\10.0.16299.0\ucrt\string.h(236): note: see declaration of '_strlwr'
GLTexture.cpp(65): warning C4996: 'strtok': This function or variable may be unsafe. Consider using strtok_s instead. To disable deprecation, use _CRT_SECURE_NO_WARNINGS. See online help for details.
  C:\Program Files (x86)\Windows Kits\10\Include\10.0.16299.0\ucrt\string.h(439): note: see declaration of 'strtok'
GLTexture.cpp(77): warning C4996: '_strlwr': This function or variable may be unsafe. Consider using _strlwr_s instead. To disable deprecation, use _CRT_SECURE_NO_WARNINGS. See online help for details.
  C:\Program Files (x86)\Windows Kits\10\Include\10.0.16299.0\ucrt\string.h(236): note: see declaration of '_strlwr'
GLTexture.cpp(101): error C2664: 'AUX_RGBImageRec *auxDIBImageLoadW(LPCWSTR)': cannot convert argument 1 from 'char *' to 'LPCWSTR'
  GLTexture.cpp(101): note: Types pointed to are unrelated; conversion requires reinterpret_cast, C-style cast or function-style cast
GLTexture.cpp(146): warning C4996: 'fopen': This function or variable may be unsafe. Consider using fopen_s instead. To disable deprecation, use _CRT_SECURE_NO_WARNINGS. See online help for details.
  C:\Program Files (x86)\Windows Kits\10\Include\10.0.16299.0\ucrt\stdio.h(207): note: see declaration of 'fopen'
GLTexture.cpp(230): error C2664: 'HRSRC FindResourceW(HMODULE,LPCWSTR,LPCWSTR)': cannot convert argument 2 from 'char *' to 'LPCWSTR'
  GLTexture.cpp(230): note: Types pointed to are unrelated; conversion requires reinterpret_cast, C-style cast or function-style cast
GLTexture.cpp(300): error C2664: 'HRSRC FindResourceW(HMODULE,LPCWSTR,LPCWSTR)': cannot convert argument 2 from 'char *' to 'LPCWSTR'
  GLTexture.cpp(300): note: Types pointed to are unrelated; conversion requires reinterpret_cast, C-style cast or function-style cast
  Model_3DS.cpp
  Model_3DS.cpp(78) : You need to uncomment this if you are using MFC
  
Model_3DS.cpp(182): warning C4996: 'strtok': This function or variable may be unsafe. Consider using strtok_s instead. To disable deprecation, use _CRT_SECURE_NO_WARNINGS. See online help for details.
  C:\Program Files (x86)\Windows Kits\10\Include\10.0.16299.0\ucrt\string.h(439): note: see declaration of 'strtok'
Model_3DS.cpp(212): warning C4996: 'fopen': This function or variable may be unsafe. Consider using fopen_s instead. To disable deprecation, use _CRT_SECURE_NO_WARNINGS. See online help for details.
  C:\Program Files (x86)\Windows Kits\10\Include\10.0.16299.0\ucrt\stdio.h(207): note: see declaration of 'fopen'
Model_3DS.cpp(764): warning C4996: 'sprintf': This function or variable may be unsafe. Consider using sprintf_s instead. To disable deprecation, use _CRT_SECURE_NO_WARNINGS. See online help for details.
  C:\Program Files (x86)\Windows Kits\10\Include\10.0.16299.0\ucrt\stdio.h(1772): note: see declaration of 'sprintf'
  OpenGLMeshLoader.cpp
e:\baby ninja\TextureBuilder.h(27): warning C4244: 'argument': conversion from 'int' to 'GLfloat', possible loss of data
e:\baby ninja\TextureBuilder.h(28): warning C4244: 'argument': conversion from 'int' to 'GLfloat', possible loss of data
OpenGLMeshLoader.cpp(4): fatal error C1083: Cannot open include file: 'glut.h': No such file or directory
